<?xml version='1.0' encoding='UTF-8'?>
<testsuite hostname="TAG-1787.local" name="testJson.CalculatorSuite" tests="3" errors="0" failures="0" skipped="0" time="0.203" timestamp="2022-02-11T13:14:19">
          <properties>
[...]
</properties>
          <testcase classname="testJson.CalculatorSuite" name="length of Generator N bytes always should be more than N" time="0.14">
                      
                    </testcase><testcase classname="testJson.CalculatorSuite" name="length of Generator N bytes always should be less than N" time="0.062">
                      
                    </testcase><testcase classname="testJson.CalculatorSuite" name="length of Generator &lt; 55" time="0.001">
                      
                    </testcase>
          <system-out><![CDATA[]]></system-out>
          <system-err><![CDATA[]]></system-err>
        </testsuite>